Reading config file: testconfig/test.conf
Successfully parsed 5 server(s)

=== Configuration Summary ===

Server 1:
  Listen: 127.0.0.1:8080
  Server Names: localhost example.com
  Root: ./pages/www
  Max Body Size: 10485760 bytes
  Error Pages:
    400 -> /error/400.html
    404 -> /error/404.html
    405 -> /error/405.html
    413 -> /error/413.html
    500 -> /error/500.html
  Locations:
    Path: /
    Root: 
    Index: index.html
    Upload Path: 
    Autoindex: off
    Methods: GET
    Path: /upload/
    Root: ./pages
    Index: 
    Upload Path: ./pages/upload
    Autoindex: on
    Methods: GET POST DELETE
    Path: /images/
    Root: ./pages/www
    Index: 
    Upload Path: 
    Autoindex: on
    Methods: GET

Server 2:
  Listen: 127.0.0.1:8081
  Server Names: cgi.localhost
  Root: ./pages/www
  Max Body Size: 5242880 bytes
  Error Pages:
    400 -> /error/400.html
    404 -> /error/404.html
    405 -> /error/405.html
    413 -> /error/413.html
    500 -> /error/500.html
  Locations:
    Path: /
    Root: 
    Index: index.html
    Upload Path: 
    Autoindex: off
    Methods: GET POST
    Path: /cgi_bin/
    Root: ./cgi_bin
    Index: 
    Upload Path: 
    Autoindex: on
    Methods: GET POST DELETE
    CGI Extensions:
      .py -> /usr/bin/python3
    Path: /upload/
    Root: ./pages
    Index: 
    Upload Path: ./pages/upload
    Autoindex: on
    Methods: GET POST DELETE

Server 3:
  Listen: 127.0.0.1:8082
  Server Names: stress.localhost
  Root: ./pages/www
  Max Body Size: 1048576 bytes
  Error Pages:
    404 -> /error/404.html
    413 -> /error/413.html
  Locations:
    Path: /
    Root: 
    Index: index.html
    Upload Path: 
    Autoindex: off
    Methods: GET POST
    Path: /upload/
    Root: ./pages
    Index: 
    Upload Path: ./pages/upload
    Autoindex: on
    Methods: GET POST
    Path: /cgi_bin/
    Root: ./cgi_bin
    Index: 
    Upload Path: 
    Autoindex: off
    Methods: GET POST
    CGI Extensions:
      .py -> /usr/bin/python3

Server 4:
  Listen: 127.0.0.1:8083
  Server Names: redirect.localhost
  Root: ./pages/www
  Max Body Size: 0 bytes
  Error Pages:
  Locations:
    Path: /moved
    Root: 
    Index: 
    Upload Path: 
    Autoindex: off
    Redirect: 301 -> /
    Methods: GET
    Path: /found
    Root: 
    Index: 
    Upload Path: 
    Autoindex: off
    Redirect: 302 -> /images/test.jpg
    Methods: GET
    Path: /see-other
    Root: 
    Index: 
    Upload Path: 
    Autoindex: off
    Redirect: 303 -> /
    Methods: GET POST
    Path: /temp
    Root: 
    Index: 
    Upload Path: 
    Autoindex: off
    Redirect: 307 -> /upload/
    Methods: GET POST
    Path: /perm
    Root: 
    Index: 
    Upload Path: 
    Autoindex: off
    Redirect: 308 -> /
    Methods: GET POST

Server 5:
  Listen: 127.0.0.1:8084
  Server Names: static2.localhost
  Root: ./pages/www
  Max Body Size: 10485760 bytes
  Error Pages:
    400 -> /error/400.html
    404 -> /error/404.html
    405 -> /error/405.html
    413 -> /error/413.html
    500 -> /error/500.html
  Locations:
    Path: /
    Root: 
    Index: index2.html
    Upload Path: 
    Autoindex: off
    Methods: GET
    Path: /images/
    Root: ./pages/www
    Index: 
    Upload Path: 
    Autoindex: on
    Methods: GET
    Path: /upload/
    Root: ./pages
    Index: 
    Upload Path: ./pages/upload
    Autoindex: on
    Methods: GET POST DELETE
    Path: /cgi_bin/
    Root: ./cgi_bin
    Index: 
    Upload Path: 
    Autoindex: off
    Methods: GET POST DELETE
    CGI Extensions:
      .py -> /usr/bin/python3

=== Configuration Valid ===

Starting web server with configuration...
Port: 8080
Document root: ./pages/www
Failed to create listening socket on port 8080
