nohup: ignoring input
Listening on port 8080..
Listening on port 8081..
Listening on port 8082..
Listening on port 8081..
There is no content-length in the header!
[DEBUG] processHTTPRequest - Method: GET, Path: /cgi-bin/test.py
[DEBUG] Matched location: /cgi-bin/
[DEBUG] CGI executeCGI - Original script_path: ./cgi_bin/test.py
[DEBUG] CGI executeCGI - Working directory: ./cgi_bin
[DEBUG] CGI executeCGI - Normalized script_path: ./cgi_bin/test.py
[DEBUG] CGI executeCGI - Extension: .py
[DEBUG] CGI executeCGI - Executor: /usr/bin/python3
output =Content-Type: text/html


<!DOCTYPE html>
<html lang="en">
<head>
    <meta charset="UTF-8">
    <meta name="viewport" content="width=device-width, initial-scale=1.0">
    <title>WebServ CGI Test</title>
    <style>
        body {
            font-family: 'Segoe UI', Tahoma, Geneva, Verdana, sans-serif;
            max-width: 600px;
            margin: 50px auto;
            padding: 20px;
            background: linear-gradient(135deg, #667eea 0%, #764ba2 100%);
            color: white;
        }
        .container {
            background: rgba(255,255,255,0.1);
            border-radius: 15px;
            padding: 30px;
            backdrop-filter: blur(10px);
        }
        h1 {
            text-align: center;
            margin-bottom: 30px;
            font-size: 2.5em;
        }
        .info-item {
            background: rgba(255,255,255,0.1);
            padding: 15px;
            margin: 10px 0;
            border-radius: 8px;
            border-left: 4px solid #48bb78;
        }
        .info-label {
            font-weight: bold;
            color: #e2e8f0;
            margin-bottom: 5px;
        }
        .info-value {
            color: #f7fafc;
            font-family: monospace;
        }
        .timestamp {
            text-align: center;
            margin-top: 30px;
            opacity: 0.8;
            font-style: italic;
        }
        .nav-link {
            display: inline-block;
            background: rgba(255,255,255,0.2);
            color: white;
            padding: 10px 20px;
            text-decoration: none;
            border-radius: 6px;
            margin: 10px 5px;
            transition: background 0.3s ease;
        }
        .nav-link:hover {
            background: rgba(255,255,255,0.3);
        }
    </style>
</head>
<body>
    <div class="container">
        <h1>🧪 CGI Test</h1>
        
        <div style="text-align: center; margin-bottom: 30px;">
            <a href="/" class="nav-link">🏠 Home</a>
            <a href="/cgi-bin/python/hello.py" class="nav-link">🔧 Full Test</a>
            <a href="/cgi-bin/python/upload.py" class="nav-link">📁 Upload</a>
        </div>


        <div class="info-item">
            <div class="info-label">Request Method</div>
            <div class="info-value">GET</div>
        </div>
        
        <div class="info-item">
            <div class="info-label">Query String</div>
            <div class="info-value">(empty)</div>
        </div>
        
        <div class="info-item">
            <div class="info-label">Server</div>
            <div class="info-value">localhost:8080</div>
        </div>
        
        <div class="info-item">
            <div class="info-label">CGI Script</div>
            <div class="info-value">test.py</div>
        </div>
        
        <div class="info-item">
            <div class="info-label">Status</div>
            <div class="info-value">✅ CGI Working!</div>
        </div>


        <div class="timestamp">
            ⏰ Generated at: 2025-08-29 11:52:16
        </div>
    </div>
</body>
</html>


[DEBUG] CGI parseOutput - Raw output length: 3094
[DEBUG] CGI parseOutput - Header end position: 23
[DEBUG] CGI parseOutput - Separator length: 2
[DEBUG] CGI parseOutput - Parsed headers: 'Content-Type: text/html'
[DEBUG] CGI parseOutput - Body length: 3069
[DEBUG] CGI executeCGI - Socket FD: 0
[DEBUG] CGI parseOutput - Status code: 200
[DEBUG] CGI parseOutput - Status message: OK
[DEBUG] CGI parseOutput - Content length: 3096
[DEBUG] CGI parseOutput - Content : Content-Type: text/html


<!DOCTYPE html>
<html lang="en">
<head>
    <meta charset="UTF-8">
    <meta name="viewport" content="width=device-width, initial-scale=1.0">
    <title>WebServ CGI Test</title>
    <style>
        body {
            font-family: 'Segoe UI', Tahoma, Geneva, Verdana, sans-serif;
            max-width: 600px;
            margin: 50px auto;
            padding: 20px;
            background: linear-gradient(135deg, #667eea 0%, #764ba2 100%);
            color: white;
        }
        .container {
            background: rgba(255,255,255,0.1);
            border-radius: 15px;
            padding: 30px;
            backdrop-filter: blur(10px);
        }
        h1 {
            text-align: center;
            margin-bottom: 30px;
            font-size: 2.5em;
        }
        .info-item {
            background: rgba(255,255,255,0.1);
            padding: 15px;
            margin: 10px 0;
            border-radius: 8px;
            border-left: 4px solid #48bb78;
        }
        .info-label {
            font-weight: bold;
            color: #e2e8f0;
            margin-bottom: 5px;
        }
        .info-value {
            color: #f7fafc;
            font-family: monospace;
        }
        .timestamp {
            text-align: center;
            margin-top: 30px;
            opacity: 0.8;
            font-style: italic;
        }
        .nav-link {
            display: inline-block;
            background: rgba(255,255,255,0.2);
            color: white;
            padding: 10px 20px;
            text-decoration: none;
            border-radius: 6px;
            margin: 10px 5px;
            transition: background 0.3s ease;
        }
        .nav-link:hover {
            background: rgba(255,255,255,0.3);
        }
    </style>
</head>
<body>
    <div class="container">
        <h1>🧪 CGI Test</h1>
        
        <div style="text-align: center; margin-bottom: 30px;">
            <a href="/" class="nav-link">🏠 Home</a>
            <a href="/cgi-bin/python/hello.py" class="nav-link">🔧 Full Test</a>
            <a href="/cgi-bin/python/upload.py" class="nav-link">📁 Upload</a>
        </div>


        <div class="info-item">
            <div class="info-label">Request Method</div>
            <div class="info-value">GET</div>
        </div>
        
        <div class="info-item">
            <div class="info-label">Query String</div>
            <div class="info-value">(empty)</div>
        </div>
        
        <div class="info-item">
            <div class="info-label">Server</div>
            <div class="info-value">localhost:8080</div>
        </div>
        
        <div class="info-item">
            <div class="info-label">CGI Script</div>
            <div class="info-value">test.py</div>
        </div>
        
        <div class="info-item">
            <div class="info-label">Status</div>
            <div class="info-value">✅ CGI Working!</div>
        </div>


        <div class="timestamp">
            ⏰ Generated at: 2025-08-29 11:52:16
        </div>
    </div>
</body>
</html>


Listening on port 8081..
There is no content-length in the header!
[DEBUG] processHTTPRequest - Method: GET, Path: /cgi-bin/hello.py
[DEBUG] Matched location: /cgi-bin/
[DEBUG] CGI executeCGI - Original script_path: ./cgi_bin/hello.py
[DEBUG] CGI executeCGI - Working directory: ./cgi_bin
[DEBUG] CGI executeCGI - Normalized script_path: ./cgi_bin/hello.py
[DEBUG] CGI executeCGI - Extension: .py
[DEBUG] CGI executeCGI - Executor: /usr/bin/python3
output =Content-Type: text/html

<html>
<head>
<title>WebServ CGI Test</title>
<style>
body { font-family: Arial, sans-serif; margin: 20px; background-color: #f0f8ff; }
h1 { color: #2c3e50; border-bottom: 2px solid #3498db; }
.method { background: #ecf0f1; padding: 10px; margin: 10px 0; border-radius: 5px; }
.success { background: #d4edda; border: 1px solid #c3e6cb; padding: 10px; border-radius: 5px; }
.error { background: #f8d7da; border: 1px solid #f5c6cb; padding: 10px; border-radius: 5px; }
table { border-collapse: collapse; width: 100%; }
th, td { border: 1px solid #ddd; padding: 8px; text-align: left; }
th { background-color: #f2f2f2; }
</style>
</head>
<body>
<h1>WebServ CGI Test Page</h1>
<div class='method'>
<h2>Current Request:</h2>
<p><strong>Method:</strong> GET </p>
<p><strong>Script:</strong> ./cgi_bin/hello.py </p>
<p><strong>Query String:</strong> (none) </p>
</div>
<div class='success'>
<h2>GET Request Successful</h2>
<p>No query parameters provided.</p>
</div>
<h2>CGI Environment Variables:</h2>
<table>
<tr><td><strong>REQUEST_METHOD</strong></td><td>GET</td></tr>
<tr><td><strong>QUERY_STRING</strong></td><td></td></tr>
<tr><td><strong>CONTENT_LENGTH</strong></td><td>0</td></tr>
<tr><td><strong>CONTENT_TYPE</strong></td><td>(not set)</td></tr>
<tr><td><strong>SERVER_NAME</strong></td><td>localhost</td></tr>
<tr><td><strong>SERVER_PORT</strong></td><td>8080</td></tr>
<tr><td><strong>SCRIPT_NAME</strong></td><td>./cgi_bin/hello.py</td></tr>
<tr><td><strong>PATH_INFO</strong></td><td>./cgi_bin/hello.py</td></tr>
<tr><td><strong>SERVER_PROTOCOL</strong></td><td>HTTP/1.1</td></tr>
<tr><td><strong>GATEWAY_INTERFACE</strong></td><td>CGI/1.1</td></tr>
<tr><td><strong>REMOTE_ADDR</strong></td><td>127.0.0.1</td></tr>
</table>
<h2>Test Forms:</h2>
<h3>GET Test:</h3>
<form method='GET'>
Name: <input type='text' name='name' value='test'>
Value: <input type='text' name='value' value='123'>
<input type='submit' value='Test GET'>
</form>
<h3>POST Test:</h3>
<form method='POST'>
Username: <input type='text' name='username' value='testuser'>
Message: <textarea name='message'>Hello from POST!</textarea>
<input type='submit' value='Test POST'>
</form>
<h3>DELETE Test:</h3>
<p>Use curl to test DELETE:</p>
<pre>curl -X DELETE http://localhost:8081./cgi_bin/hello.py</pre>
<h2>Navigation:</h2>
<ul>
<li><a href='/'>Back to Home</a></li>
<li><a href='/cgi-bin/hello.py?test=simple'>Simple GET test</a></li>
<li><a href='/upload/'>Upload Directory</a></li>
</ul>
</body>
</html>

[DEBUG] CGI parseOutput - Raw output length: 2504
[DEBUG] CGI parseOutput - Header end position: 23
[DEBUG] CGI parseOutput - Separator length: 2
[DEBUG] CGI parseOutput - Parsed headers: 'Content-Type: text/html'
[DEBUG] CGI parseOutput - Body length: 2479
[DEBUG] CGI executeCGI - Socket FD: 0
[DEBUG] CGI parseOutput - Status code: 200
[DEBUG] CGI parseOutput - Status message: OK
[DEBUG] CGI parseOutput - Content length: 2506
[DEBUG] CGI parseOutput - Content : Content-Type: text/html

<html>
<head>
<title>WebServ CGI Test</title>
<style>
body { font-family: Arial, sans-serif; margin: 20px; background-color: #f0f8ff; }
h1 { color: #2c3e50; border-bottom: 2px solid #3498db; }
.method { background: #ecf0f1; padding: 10px; margin: 10px 0; border-radius: 5px; }
.success { background: #d4edda; border: 1px solid #c3e6cb; padding: 10px; border-radius: 5px; }
.error { background: #f8d7da; border: 1px solid #f5c6cb; padding: 10px; border-radius: 5px; }
table { border-collapse: collapse; width: 100%; }
th, td { border: 1px solid #ddd; padding: 8px; text-align: left; }
th { background-color: #f2f2f2; }
</style>
</head>
<body>
<h1>WebServ CGI Test Page</h1>
<div class='method'>
<h2>Current Request:</h2>
<p><strong>Method:</strong> GET </p>
<p><strong>Script:</strong> ./cgi_bin/hello.py </p>
<p><strong>Query String:</strong> (none) </p>
</div>
<div class='success'>
<h2>GET Request Successful</h2>
<p>No query parameters provided.</p>
</div>
<h2>CGI Environment Variables:</h2>
<table>
<tr><td><strong>REQUEST_METHOD</strong></td><td>GET</td></tr>
<tr><td><strong>QUERY_STRING</strong></td><td></td></tr>
<tr><td><strong>CONTENT_LENGTH</strong></td><td>0</td></tr>
<tr><td><strong>CONTENT_TYPE</strong></td><td>(not set)</td></tr>
<tr><td><strong>SERVER_NAME</strong></td><td>localhost</td></tr>
<tr><td><strong>SERVER_PORT</strong></td><td>8080</td></tr>
<tr><td><strong>SCRIPT_NAME</strong></td><td>./cgi_bin/hello.py</td></tr>
<tr><td><strong>PATH_INFO</strong></td><td>./cgi_bin/hello.py</td></tr>
<tr><td><strong>SERVER_PROTOCOL</strong></td><td>HTTP/1.1</td></tr>
<tr><td><strong>GATEWAY_INTERFACE</strong></td><td>CGI/1.1</td></tr>
<tr><td><strong>REMOTE_ADDR</strong></td><td>127.0.0.1</td></tr>
</table>
<h2>Test Forms:</h2>
<h3>GET Test:</h3>
<form method='GET'>
Name: <input type='text' name='name' value='test'>
Value: <input type='text' name='value' value='123'>
<input type='submit' value='Test GET'>
</form>
<h3>POST Test:</h3>
<form method='POST'>
Username: <input type='text' name='username' value='testuser'>
Message: <textarea name='message'>Hello from POST!</textarea>
<input type='submit' value='Test POST'>
</form>
<h3>DELETE Test:</h3>
<p>Use curl to test DELETE:</p>
<pre>curl -X DELETE http://localhost:8081./cgi_bin/hello.py</pre>
<h2>Navigation:</h2>
<ul>
<li><a href='/'>Back to Home</a></li>
<li><a href='/cgi-bin/hello.py?test=simple'>Simple GET test</a></li>
<li><a href='/upload/'>Upload Directory</a></li>
</ul>
</body>
</html>

Listening on port 8081..
There is no content-length in the header!
[DEBUG] processHTTPRequest - Method: GET, Path: /cgi-bin/test.py?name=World&test=123
[DEBUG] Matched location: /cgi-bin/
[DEBUG] CGI executeCGI - Original script_path: ./cgi_bin/test.py
[DEBUG] CGI executeCGI - Working directory: ./cgi_bin
[DEBUG] CGI executeCGI - Normalized script_path: ./cgi_bin/test.py
[DEBUG] CGI executeCGI - Extension: .py
[DEBUG] CGI executeCGI - Executor: /usr/bin/python3
output =Content-Type: text/html


<!DOCTYPE html>
<html lang="en">
<head>
    <meta charset="UTF-8">
    <meta name="viewport" content="width=device-width, initial-scale=1.0">
    <title>WebServ CGI Test</title>
    <style>
        body {
            font-family: 'Segoe UI', Tahoma, Geneva, Verdana, sans-serif;
            max-width: 600px;
            margin: 50px auto;
            padding: 20px;
            background: linear-gradient(135deg, #667eea 0%, #764ba2 100%);
            color: white;
        }
        .container {
            background: rgba(255,255,255,0.1);
            border-radius: 15px;
            padding: 30px;
            backdrop-filter: blur(10px);
        }
        h1 {
            text-align: center;
            margin-bottom: 30px;
            font-size: 2.5em;
        }
        .info-item {
            background: rgba(255,255,255,0.1);
            padding: 15px;
            margin: 10px 0;
            border-radius: 8px;
            border-left: 4px solid #48bb78;
        }
        .info-label {
            font-weight: bold;
            color: #e2e8f0;
            margin-bottom: 5px;
        }
        .info-value {
            color: #f7fafc;
            font-family: monospace;
        }
        .timestamp {
            text-align: center;
            margin-top: 30px;
            opacity: 0.8;
            font-style: italic;
        }
        .nav-link {
            display: inline-block;
            background: rgba(255,255,255,0.2);
            color: white;
            padding: 10px 20px;
            text-decoration: none;
            border-radius: 6px;
            margin: 10px 5px;
            transition: background 0.3s ease;
        }
        .nav-link:hover {
            background: rgba(255,255,255,0.3);
        }
    </style>
</head>
<body>
    <div class="container">
        <h1>🧪 CGI Test</h1>
        
        <div style="text-align: center; margin-bottom: 30px;">
            <a href="/" class="nav-link">🏠 Home</a>
            <a href="/cgi-bin/python/hello.py" class="nav-link">🔧 Full Test</a>
            <a href="/cgi-bin/python/upload.py" class="nav-link">📁 Upload</a>
        </div>


        <div class="info-item">
            <div class="info-label">Request Method</div>
            <div class="info-value">GET</div>
        </div>
        
        <div class="info-item">
            <div class="info-label">Query String</div>
            <div class="info-value">name=World&test=123</div>
        </div>
        
        <div class="info-item">
            <div class="info-label">Server</div>
            <div class="info-value">localhost:8080</div>
        </div>
        
        <div class="info-item">
            <div class="info-label">CGI Script</div>
            <div class="info-value">test.py</div>
        </div>
        
        <div class="info-item">
            <div class="info-label">Status</div>
            <div class="info-value">✅ CGI Working!</div>
        </div>


        <div class="timestamp">
            ⏰ Generated at: 2025-08-29 11:52:38
        </div>
    </div>
</body>
</html>


[DEBUG] CGI parseOutput - Raw output length: 3106
[DEBUG] CGI parseOutput - Header end position: 23
[DEBUG] CGI parseOutput - Separator length: 2
[DEBUG] CGI parseOutput - Parsed headers: 'Content-Type: text/html'
[DEBUG] CGI parseOutput - Body length: 3081
[DEBUG] CGI executeCGI - Socket FD: 0
[DEBUG] CGI parseOutput - Status code: 200
[DEBUG] CGI parseOutput - Status message: OK
[DEBUG] CGI parseOutput - Content length: 3108
[DEBUG] CGI parseOutput - Content : Content-Type: text/html


<!DOCTYPE html>
<html lang="en">
<head>
    <meta charset="UTF-8">
    <meta name="viewport" content="width=device-width, initial-scale=1.0">
    <title>WebServ CGI Test</title>
    <style>
        body {
            font-family: 'Segoe UI', Tahoma, Geneva, Verdana, sans-serif;
            max-width: 600px;
            margin: 50px auto;
            padding: 20px;
            background: linear-gradient(135deg, #667eea 0%, #764ba2 100%);
            color: white;
        }
        .container {
            background: rgba(255,255,255,0.1);
            border-radius: 15px;
            padding: 30px;
            backdrop-filter: blur(10px);
        }
        h1 {
            text-align: center;
            margin-bottom: 30px;
            font-size: 2.5em;
        }
        .info-item {
            background: rgba(255,255,255,0.1);
            padding: 15px;
            margin: 10px 0;
            border-radius: 8px;
            border-left: 4px solid #48bb78;
        }
        .info-label {
            font-weight: bold;
            color: #e2e8f0;
            margin-bottom: 5px;
        }
        .info-value {
            color: #f7fafc;
            font-family: monospace;
        }
        .timestamp {
            text-align: center;
            margin-top: 30px;
            opacity: 0.8;
            font-style: italic;
        }
        .nav-link {
            display: inline-block;
            background: rgba(255,255,255,0.2);
            color: white;
            padding: 10px 20px;
            text-decoration: none;
            border-radius: 6px;
            margin: 10px 5px;
            transition: background 0.3s ease;
        }
        .nav-link:hover {
            background: rgba(255,255,255,0.3);
        }
    </style>
</head>
<body>
    <div class="container">
        <h1>🧪 CGI Test</h1>
        
        <div style="text-align: center; margin-bottom: 30px;">
            <a href="/" class="nav-link">🏠 Home</a>
            <a href="/cgi-bin/python/hello.py" class="nav-link">🔧 Full Test</a>
            <a href="/cgi-bin/python/upload.py" class="nav-link">📁 Upload</a>
        </div>


        <div class="info-item">
            <div class="info-label">Request Method</div>
            <div class="info-value">GET</div>
        </div>
        
        <div class="info-item">
            <div class="info-label">Query String</div>
            <div class="info-value">name=World&test=123</div>
        </div>
        
        <div class="info-item">
            <div class="info-label">Server</div>
            <div class="info-value">localhost:8080</div>
        </div>
        
        <div class="info-item">
            <div class="info-label">CGI Script</div>
            <div class="info-value">test.py</div>
        </div>
        
        <div class="info-item">
            <div class="info-label">Status</div>
            <div class="info-value">✅ CGI Working!</div>
        </div>


        <div class="timestamp">
            ⏰ Generated at: 2025-08-29 11:52:38
        </div>
    </div>
</body>
</html>


Listening on port 8081..
Converted value: 35
[DEBUG] processHTTPRequest - Method: POST, Path: /cgi-bin/hello.py
[DEBUG] Matched location: /cgi-bin/
[DEBUG] CGI executeCGI - Original script_path: ./cgi_bin/hello.py
[DEBUG] CGI executeCGI - Working directory: ./cgi_bin
[DEBUG] CGI executeCGI - Normalized script_path: ./cgi_bin/hello.py
[DEBUG] CGI executeCGI - Extension: .py
[DEBUG] CGI executeCGI - Executor: /usr/bin/python3
output =Content-Type: text/html

<html>
<head>
<title>WebServ CGI Test</title>
<style>
body { font-family: Arial, sans-serif; margin: 20px; background-color: #f0f8ff; }
h1 { color: #2c3e50; border-bottom: 2px solid #3498db; }
.method { background: #ecf0f1; padding: 10px; margin: 10px 0; border-radius: 5px; }
.success { background: #d4edda; border: 1px solid #c3e6cb; padding: 10px; border-radius: 5px; }
.error { background: #f8d7da; border: 1px solid #f5c6cb; padding: 10px; border-radius: 5px; }
table { border-collapse: collapse; width: 100%; }
th, td { border: 1px solid #ddd; padding: 8px; text-align: left; }
th { background-color: #f2f2f2; }
</style>
</head>
<body>
<h1>WebServ CGI Test Page</h1>
<div class='method'>
<h2>Current Request:</h2>
<p><strong>Method:</strong> POST </p>
<p><strong>Script:</strong> ./cgi_bin/hello.py </p>
<p><strong>Query String:</strong> (none) </p>
</div>
<div class='success'>
<h2>POST Request Successful</h2>
<h3>POST Data Received:</h3>
<pre>username=testuser&message=Hello CGI</pre>
<h3>Parsed Form Data:</h3>
<table>
<tr><td><strong>username</strong></td><td>testuser</td></tr>
<tr><td><strong>message</strong></td><td>Hello CGI</td></tr>
</table>
</div>
<h2>CGI Environment Variables:</h2>
<table>
<tr><td><strong>REQUEST_METHOD</strong></td><td>POST</td></tr>
<tr><td><strong>QUERY_STRING</strong></td><td></td></tr>
<tr><td><strong>CONTENT_LENGTH</strong></td><td>35</td></tr>
<tr><td><strong>CONTENT_TYPE</strong></td><td>application/x-www-form-urlencoded</td></tr>
<tr><td><strong>SERVER_NAME</strong></td><td>localhost</td></tr>
<tr><td><strong>SERVER_PORT</strong></td><td>8080</td></tr>
<tr><td><strong>SCRIPT_NAME</strong></td><td>./cgi_bin/hello.py</td></tr>
<tr><td><strong>PATH_INFO</strong></td><td>./cgi_bin/hello.py</td></tr>
<tr><td><strong>SERVER_PROTOCOL</strong></td><td>HTTP/1.1</td></tr>
<tr><td><strong>GATEWAY_INTERFACE</strong></td><td>CGI/1.1</td></tr>
<tr><td><strong>REMOTE_ADDR</strong></td><td>127.0.0.1</td></tr>
</table>
<h2>Test Forms:</h2>
<h3>GET Test:</h3>
<form method='GET'>
Name: <input type='text' name='name' value='test'>
Value: <input type='text' name='value' value='123'>
<input type='submit' value='Test GET'>
</form>
<h3>POST Test:</h3>
<form method='POST'>
Username: <input type='text' name='username' value='testuser'>
Message: <textarea name='message'>Hello from POST!</textarea>
<input type='submit' value='Test POST'>
</form>
<h3>DELETE Test:</h3>
<p>Use curl to test DELETE:</p>
<pre>curl -X DELETE http://localhost:8081./cgi_bin/hello.py</pre>
<h2>Navigation:</h2>
<ul>
<li><a href='/'>Back to Home</a></li>
<li><a href='/cgi-bin/hello.py?test=simple'>Simple GET test</a></li>
<li><a href='/upload/'>Upload Directory</a></li>
</ul>
</body>
</html>

[DEBUG] CGI parseOutput - Raw output length: 2737
[DEBUG] CGI parseOutput - Header end position: 23
[DEBUG] CGI parseOutput - Separator length: 2
[DEBUG] CGI parseOutput - Parsed headers: 'Content-Type: text/html'
[DEBUG] CGI parseOutput - Body length: 2712
[DEBUG] CGI executeCGI - Socket FD: -466104016
[DEBUG] CGI parseOutput - Status code: 200
[DEBUG] CGI parseOutput - Status message: OK
[DEBUG] CGI parseOutput - Content length: 2739
[DEBUG] CGI parseOutput - Content : Content-Type: text/html

<html>
<head>
<title>WebServ CGI Test</title>
<style>
body { font-family: Arial, sans-serif; margin: 20px; background-color: #f0f8ff; }
h1 { color: #2c3e50; border-bottom: 2px solid #3498db; }
.method { background: #ecf0f1; padding: 10px; margin: 10px 0; border-radius: 5px; }
.success { background: #d4edda; border: 1px solid #c3e6cb; padding: 10px; border-radius: 5px; }
.error { background: #f8d7da; border: 1px solid #f5c6cb; padding: 10px; border-radius: 5px; }
table { border-collapse: collapse; width: 100%; }
th, td { border: 1px solid #ddd; padding: 8px; text-align: left; }
th { background-color: #f2f2f2; }
</style>
</head>
<body>
<h1>WebServ CGI Test Page</h1>
<div class='method'>
<h2>Current Request:</h2>
<p><strong>Method:</strong> POST </p>
<p><strong>Script:</strong> ./cgi_bin/hello.py </p>
<p><strong>Query String:</strong> (none) </p>
</div>
<div class='success'>
<h2>POST Request Successful</h2>
<h3>POST Data Received:</h3>
<pre>username=testuser&message=Hello CGI</pre>
<h3>Parsed Form Data:</h3>
<table>
<tr><td><strong>username</strong></td><td>testuser</td></tr>
<tr><td><strong>message</strong></td><td>Hello CGI</td></tr>
</table>
</div>
<h2>CGI Environment Variables:</h2>
<table>
<tr><td><strong>REQUEST_METHOD</strong></td><td>POST</td></tr>
<tr><td><strong>QUERY_STRING</strong></td><td></td></tr>
<tr><td><strong>CONTENT_LENGTH</strong></td><td>35</td></tr>
<tr><td><strong>CONTENT_TYPE</strong></td><td>application/x-www-form-urlencoded</td></tr>
<tr><td><strong>SERVER_NAME</strong></td><td>localhost</td></tr>
<tr><td><strong>SERVER_PORT</strong></td><td>8080</td></tr>
<tr><td><strong>SCRIPT_NAME</strong></td><td>./cgi_bin/hello.py</td></tr>
<tr><td><strong>PATH_INFO</strong></td><td>./cgi_bin/hello.py</td></tr>
<tr><td><strong>SERVER_PROTOCOL</strong></td><td>HTTP/1.1</td></tr>
<tr><td><strong>GATEWAY_INTERFACE</strong></td><td>CGI/1.1</td></tr>
<tr><td><strong>REMOTE_ADDR</strong></td><td>127.0.0.1</td></tr>
</table>
<h2>Test Forms:</h2>
<h3>GET Test:</h3>
<form method='GET'>
Name: <input type='text' name='name' value='test'>
Value: <input type='text' name='value' value='123'>
<input type='submit' value='Test GET'>
</form>
<h3>POST Test:</h3>
<form method='POST'>
Username: <input type='text' name='username' value='testuser'>
Message: <textarea name='message'>Hello from POST!</textarea>
<input type='submit' value='Test POST'>
</form>
<h3>DELETE Test:</h3>
<p>Use curl to test DELETE:</p>
<pre>curl -X DELETE http://localhost:8081./cgi_bin/hello.py</pre>
<h2>Navigation:</h2>
<ul>
<li><a href='/'>Back to Home</a></li>
<li><a href='/cgi-bin/hello.py?test=simple'>Simple GET test</a></li>
<li><a href='/upload/'>Upload Directory</a></li>
</ul>
</body>
</html>

Listening on port 8080..
There is no content-length in the header!
[DEBUG] processHTTPRequest - Method: GET, Path: /
[DEBUG] Matched location: /
[DEBUG] serveStaticFile called with path: './pages/www/index.html'
Listening on port 8081..
There is no content-length in the header!
[DEBUG] processHTTPRequest - Method: GET, Path: /
[DEBUG] Matched location: /
[DEBUG] serveStaticFile called with path: './pages/www/index.html'
